<?xml version="1.0" encoding="UTF-8"?>
<testng-results ignored="2" total="3" passed="1" failed="0" skipped="0">
  <reporter-output>
  </reporter-output>
  <suite started-at="2023-01-17T11:01:53 IST" name="Default suite" finished-at="2023-01-17T11:02:06 IST" duration-ms="12151">
    <groups>
    </groups>
    <test started-at="2023-01-17T11:01:53 IST" name="Default test" finished-at="2023-01-17T11:02:06 IST" duration-ms="12151">
      <class name="testngSamples.TableXpath">
        <test-method is-config="true" signature="beforeMethod()[pri:0, instance:testngSamples.TableXpath@47eaca72]" started-at="2023-01-17T11:01:54 IST" name="beforeMethod" finished-at="2023-01-17T11:02:01 IST" duration-ms="7815" status="PASS">
          <reporter-output>
          </reporter-output>
        </test-method> <!-- beforeMethod -->
        <test-method signature="clientDetailsOfTom()[pri:0, instance:testngSamples.TableXpath@47eaca72]" started-at="2023-01-17T11:02:01 IST" name="clientDetailsOfTom" finished-at="2023-01-17T11:02:05 IST" duration-ms="4011" status="PASS">
          <reporter-output>
          </reporter-output>
        </test-method> <!-- clientDetailsOfTom -->
        <test-method is-config="true" signature="afterMethod()[pri:0, instance:testngSamples.TableXpath@47eaca72]" started-at="2023-01-17T11:02:05 IST" name="afterMethod" finished-at="2023-01-17T11:02:06 IST" duration-ms="220" status="PASS">
          <reporter-output>
          </reporter-output>
        </test-method> <!-- afterMethod -->
      </class> <!-- testngSamples.TableXpath -->
    </test> <!-- Default test -->
  </suite> <!-- Default suite -->
</testng-results>
