<?xml version="1.0" encoding="UTF-8"?>
<testng-results ignored="0" total="6" passed="6" failed="0" skipped="0">
  <reporter-output>
  </reporter-output>
  <suite started-at="2023-02-10T21:56:32 IST" name="Default suite" finished-at="2023-02-10T21:56:53 IST" duration-ms="20993">
    <groups>
    </groups>
    <test started-at="2023-02-10T21:56:32 IST" name="Default test" finished-at="2023-02-10T21:56:53 IST" duration-ms="20993">
      <class name="excecuteClass.LoginPageTestClass">
        <test-method is-config="true" signature="beforeMethod()[pri:0, instance:excecuteClass.LoginPageTestClass@48f2bd5b]" started-at="2023-02-10T21:56:32 IST" name="beforeMethod" finished-at="2023-02-10T21:56:37 IST" duration-ms="4903" status="PASS">
          <reporter-output>
          </reporter-output>
        </test-method> <!-- beforeMethod -->
        <test-method signature="verifyRememberMeCheckBoxIsSelectedByDefault()[pri:0, instance:excecuteClass.LoginPageTestClass@48f2bd5b]" started-at="2023-02-10T21:56:37 IST" name="verifyRememberMeCheckBoxIsSelectedByDefault" finished-at="2023-02-10T21:56:37 IST" duration-ms="91" status="PASS">
          <reporter-output>
          </reporter-output>
        </test-method> <!-- verifyRememberMeCheckBoxIsSelectedByDefault -->
        <test-method is-config="true" signature="afterMethod()[pri:0, instance:excecuteClass.LoginPageTestClass@48f2bd5b]" started-at="2023-02-10T21:56:37 IST" name="afterMethod" finished-at="2023-02-10T21:56:37 IST" duration-ms="240" status="PASS">
          <reporter-output>
          </reporter-output>
        </test-method> <!-- afterMethod -->
        <test-method is-config="true" signature="beforeMethod()[pri:0, instance:excecuteClass.LoginPageTestClass@48f2bd5b]" started-at="2023-02-10T21:56:37 IST" name="beforeMethod" finished-at="2023-02-10T21:56:39 IST" duration-ms="2100" status="PASS">
          <reporter-output>
          </reporter-output>
        </test-method> <!-- beforeMethod -->
        <test-method signature="verifySuccessfullLoging()[pri:0, instance:excecuteClass.LoginPageTestClass@48f2bd5b]" started-at="2023-02-10T21:56:39 IST" name="verifySuccessfullLoging" finished-at="2023-02-10T21:56:41 IST" duration-ms="1472" status="PASS">
          <reporter-output>
          </reporter-output>
        </test-method> <!-- verifySuccessfullLoging -->
        <test-method is-config="true" signature="afterMethod()[pri:0, instance:excecuteClass.LoginPageTestClass@48f2bd5b]" started-at="2023-02-10T21:56:41 IST" name="afterMethod" finished-at="2023-02-10T21:56:41 IST" duration-ms="234" status="PASS">
          <reporter-output>
          </reporter-output>
        </test-method> <!-- afterMethod -->
        <test-method is-config="true" signature="beforeMethod()[pri:0, instance:excecuteClass.LoginPageTestClass@48f2bd5b]" started-at="2023-02-10T21:56:41 IST" name="beforeMethod" finished-at="2023-02-10T21:56:43 IST" duration-ms="2106" status="PASS">
          <reporter-output>
          </reporter-output>
        </test-method> <!-- beforeMethod -->
        <test-method signature="verifyTheLoginPageIsDisplayedWhileOpeningUrl()[pri:0, instance:excecuteClass.LoginPageTestClass@48f2bd5b]" started-at="2023-02-10T21:56:43 IST" name="verifyTheLoginPageIsDisplayedWhileOpeningUrl" finished-at="2023-02-10T21:56:43 IST" duration-ms="45" status="PASS">
          <reporter-output>
          </reporter-output>
        </test-method> <!-- verifyTheLoginPageIsDisplayedWhileOpeningUrl -->
        <test-method is-config="true" signature="afterMethod()[pri:0, instance:excecuteClass.LoginPageTestClass@48f2bd5b]" started-at="2023-02-10T21:56:43 IST" name="afterMethod" finished-at="2023-02-10T21:56:43 IST" duration-ms="190" status="PASS">
          <reporter-output>
          </reporter-output>
        </test-method> <!-- afterMethod -->
        <test-method is-config="true" signature="beforeMethod()[pri:0, instance:excecuteClass.LoginPageTestClass@48f2bd5b]" started-at="2023-02-10T21:56:43 IST" name="beforeMethod" finished-at="2023-02-10T21:56:46 IST" duration-ms="2200" status="PASS">
          <reporter-output>
          </reporter-output>
        </test-method> <!-- beforeMethod -->
        <test-method signature="verifyUnSuccessfullLogin(java.lang.String,java.lang.String)[pri:0, instance:excecuteClass.LoginPageTestClass@48f2bd5b]" started-at="2023-02-10T21:56:46 IST" name="verifyUnSuccessfullLogin" data-provider="unsuccessfullLogin" finished-at="2023-02-10T21:56:46 IST" duration-ms="822" status="PASS">
          <params>
            <param index="0">
              <value>
                <![CDATA[admin]]>
              </value>
            </param>
            <param index="1">
              <value>
                <![CDATA[admin123]]>
              </value>
            </param>
          </params>
          <reporter-output>
          </reporter-output>
        </test-method> <!-- verifyUnSuccessfullLogin -->
        <test-method is-config="true" signature="afterMethod()[pri:0, instance:excecuteClass.LoginPageTestClass@48f2bd5b]" started-at="2023-02-10T21:56:46 IST" name="afterMethod" finished-at="2023-02-10T21:56:47 IST" duration-ms="240" status="PASS">
          <reporter-output>
          </reporter-output>
        </test-method> <!-- afterMethod -->
        <test-method is-config="true" signature="beforeMethod()[pri:0, instance:excecuteClass.LoginPageTestClass@48f2bd5b]" started-at="2023-02-10T21:56:47 IST" name="beforeMethod" finished-at="2023-02-10T21:56:49 IST" duration-ms="1907" status="PASS">
          <reporter-output>
          </reporter-output>
        </test-method> <!-- beforeMethod -->
        <test-method signature="verifyUnSuccessfullLogin(java.lang.String,java.lang.String)[pri:0, instance:excecuteClass.LoginPageTestClass@48f2bd5b]" started-at="2023-02-10T21:56:49 IST" name="verifyUnSuccessfullLogin" data-provider="unsuccessfullLogin" finished-at="2023-02-10T21:56:49 IST" duration-ms="864" status="PASS">
          <params>
            <param index="0">
              <value>
                <![CDATA[admin345]]>
              </value>
            </param>
            <param index="1">
              <value>
                <![CDATA[admin678]]>
              </value>
            </param>
          </params>
          <reporter-output>
          </reporter-output>
        </test-method> <!-- verifyUnSuccessfullLogin -->
        <test-method is-config="true" signature="afterMethod()[pri:0, instance:excecuteClass.LoginPageTestClass@48f2bd5b]" started-at="2023-02-10T21:56:49 IST" name="afterMethod" finished-at="2023-02-10T21:56:50 IST" duration-ms="312" status="PASS">
          <reporter-output>
          </reporter-output>
        </test-method> <!-- afterMethod -->
        <test-method is-config="true" signature="beforeMethod()[pri:0, instance:excecuteClass.LoginPageTestClass@48f2bd5b]" started-at="2023-02-10T21:56:50 IST" name="beforeMethod" finished-at="2023-02-10T21:56:52 IST" duration-ms="2113" status="PASS">
          <reporter-output>
          </reporter-output>
        </test-method> <!-- beforeMethod -->
        <test-method signature="verifyUnSuccessfullLogin(java.lang.String,java.lang.String)[pri:0, instance:excecuteClass.LoginPageTestClass@48f2bd5b]" started-at="2023-02-10T21:56:52 IST" name="verifyUnSuccessfullLogin" data-provider="unsuccessfullLogin" finished-at="2023-02-10T21:56:53 IST" duration-ms="715" status="PASS">
          <params>
            <param index="0">
              <value>
                <![CDATA[admin852697]]>
              </value>
            </param>
            <param index="1">
              <value>
                <![CDATA[admin]]>
              </value>
            </param>
          </params>
          <reporter-output>
          </reporter-output>
        </test-method> <!-- verifyUnSuccessfullLogin -->
        <test-method is-config="true" signature="afterMethod()[pri:0, instance:excecuteClass.LoginPageTestClass@48f2bd5b]" started-at="2023-02-10T21:56:53 IST" name="afterMethod" finished-at="2023-02-10T21:56:53 IST" duration-ms="297" status="PASS">
          <reporter-output>
          </reporter-output>
        </test-method> <!-- afterMethod -->
      </class> <!-- excecuteClass.LoginPageTestClass -->
    </test> <!-- Default test -->
  </suite> <!-- Default suite -->
</testng-results>
