<?xml version="1.0" encoding="UTF-8"?>
<!-- Generated by org.testng.reporters.JUnitXMLReporter -->
<testsuite ignored="0" hostname="LAPTOP-CC3I0DJF" failures="0" tests="6" name="Default test" time="20.993" errors="0" timestamp="2023-02-10T21:56:53 IST">
  <testcase classname="excecuteClass.LoginPageTestClass" name="verifyRememberMeCheckBoxIsSelectedByDefault" time="0.091"/>
  <testcase classname="excecuteClass.LoginPageTestClass" name="verifySuccessfullLoging" time="1.472"/>
  <testcase classname="excecuteClass.LoginPageTestClass" name="verifyTheLoginPageIsDisplayedWhileOpeningUrl" time="0.045"/>
  <testcase classname="excecuteClass.LoginPageTestClass" name="verifyUnSuccessfullLogin" time="0.822"/>
  <testcase classname="excecuteClass.LoginPageTestClass" name="verifyUnSuccessfullLogin" time="0.864"/>
  <testcase classname="excecuteClass.LoginPageTestClass" name="verifyUnSuccessfullLogin" time="0.715"/>
</testsuite> <!-- Default test -->
