<?xml version="1.0" encoding="UTF-8"?>
<!-- Generated by org.testng.reporters.JUnitXMLReporter -->
<testsuite ignored="2" hostname="LAPTOP-CC3I0DJF" failures="0" tests="1" name="Default test" time="12.151" errors="0" timestamp="2023-01-17T11:02:06 IST">
  <testcase classname="testngSamples.TableXpath" name="clientDetailsOfTom" time="4.011"/>
  <testcase classname="testngSamples.TableXpath" name="verifySearchFunctionalityByUsingClientName" time="0.0">
    <ignored/>
  </testcase> <!-- verifySearchFunctionalityByUsingClientName -->
  <testcase classname="testngSamples.TableXpath" name="verifySearchFunctionality" time="0.0">
    <ignored/>
  </testcase> <!-- verifySearchFunctionality -->
</testsuite> <!-- Default test -->
